<?xml version="1.0" encoding="UTF-8"?>
<testng-results ignored="0" total="1" passed="1" failed="0" skipped="0">
  <reporter-output>
  </reporter-output>
  <suite started-at="2024-03-02T15:25:50 IST" name="Default suite" finished-at="2024-03-02T15:26:08 IST" duration-ms="18384">
    <groups>
    </groups>
    <test started-at="2024-03-02T15:25:50 IST" name="Default test" finished-at="2024-03-02T15:26:08 IST" duration-ms="18384">
      <class name="com.ecommerceAutomation.testCases.TC_RegisterUser_001">
        <test-method is-config="true" signature="setUp()[pri:0, instance:com.ecommerceAutomation.testCases.TC_RegisterUser_001@4678a2eb]" started-at="2024-03-02T15:25:50 IST" name="setUp" finished-at="2024-03-02T15:25:58 IST" duration-ms="8340" status="PASS">
          <reporter-output>
          </reporter-output>
        </test-method> <!-- setUp -->
        <test-method signature="RegisterUser()[pri:0, instance:com.ecommerceAutomation.testCases.TC_RegisterUser_001@4678a2eb]" started-at="2024-03-02T15:25:58 IST" name="RegisterUser" finished-at="2024-03-02T15:26:06 IST" duration-ms="8316" status="PASS">
          <reporter-output>
          </reporter-output>
        </test-method> <!-- RegisterUser -->
        <test-method is-config="true" signature="tearDown()[pri:0, instance:com.ecommerceAutomation.testCases.TC_RegisterUser_001@4678a2eb]" started-at="2024-03-02T15:26:07 IST" name="tearDown" finished-at="2024-03-02T15:26:08 IST" duration-ms="1644" status="PASS">
          <reporter-output>
          </reporter-output>
        </test-method> <!-- tearDown -->
      </class> <!-- com.ecommerceAutomation.testCases.TC_RegisterUser_001 -->
    </test> <!-- Default test -->
  </suite> <!-- Default suite -->
</testng-results>
